<?xml version="1.0" encoding="UTF-8"?>
<testsuite xmlns:xsi="http://www.w3.org/2001/XMLSchema-instance" xsi:schemaLocation="https://maven.apache.org/surefire/maven-surefire-plugin/xsd/surefire-test-report.xsd" name="org.apache.rocketmq.client.consumer.DefaultLitePullConsumerTest" time="32.81" tests="23" errors="0" skipped="0" failures="0">
  <properties>
    <property name="java.runtime.name" value="Java(TM) SE Runtime Environment"/>
    <property name="sun.boot.library.path" value="/Library/Java/JavaVirtualMachines/jdk1.8.0_271.jdk/Contents/Home/jre/lib"/>
    <property name="java.vm.version" value="25.271-b09"/>
    <property name="gopherProxySet" value="false"/>
    <property name="java.vm.vendor" value="Oracle Corporation"/>
    <property name="maven.multiModuleProjectDirectory" value="/Users/panson/Documents/project/github/rocketmq"/>
    <property name="java.vendor.url" value="http://java.oracle.com/"/>
    <property name="path.separator" value=":"/>
    <property name="guice.disable.misplaced.annotation.check" value="true"/>
    <property name="java.vm.name" value="Java HotSpot(TM) 64-Bit Server VM"/>
    <property name="file.encoding.pkg" value="sun.io"/>
    <property name="user.country" value="CN"/>
    <property name="sun.java.launcher" value="SUN_STANDARD"/>
    <property name="sun.os.patch.level" value="unknown"/>
    <property name="java.vm.specification.name" value="Java Virtual Machine Specification"/>
    <property name="user.dir" value="/Users/panson/Documents/project/github/rocketmq"/>
    <property name="java.runtime.version" value="1.8.0_271-b09"/>
    <property name="java.awt.graphicsenv" value="sun.awt.CGraphicsEnvironment"/>
    <property name="java.endorsed.dirs" value="/Library/Java/JavaVirtualMachines/jdk1.8.0_271.jdk/Contents/Home/jre/lib/endorsed"/>
    <property name="os.arch" value="x86_64"/>
    <property name="java.io.tmpdir" value="/var/folders/g7/xwhsfmfj40bb3kryjg1y40n40000gn/T/"/>
    <property name="line.separator" value="&#10;"/>
    <property name="socksProxyPort" value="7890"/>
    <property name="java.vm.specification.vendor" value="Oracle Corporation"/>
    <property name="https.proxyHost" value="127.0.0.1"/>
    <property name="os.name" value="Mac OS X"/>
    <property name="classworlds.conf" value="/Users/panson/Documents/software/apache-maven-3.6.3/bin/m2.conf"/>
    <property name="sun.jnu.encoding" value="UTF-8"/>
    <property name="java.library.path" value="/Users/panson/Library/Java/Extensions:/Library/Java/Extensions:/Network/Library/Java/Extensions:/System/Library/Java/Extensions:/usr/lib/java:."/>
    <property name="http.proxyPort" value="7890"/>
    <property name="maven.conf" value="/Users/panson/Documents/software/apache-maven-3.6.3/conf"/>
    <property name="java.specification.name" value="Java Platform API Specification"/>
    <property name="java.class.version" value="52.0"/>
    <property name="sun.management.compiler" value="HotSpot 64-Bit Tiered Compilers"/>
    <property name="os.version" value="10.16"/>
    <property name="http.nonProxyHosts" value="192.168.0.0/16|*.192.168.0.0/16|10.0.0.0/8|*.10.0.0.0/8|172.16.0.0/12|*.172.16.0.0/12|127.0.0.1|localhost|*.localhost|local|*.local|timestamp.apple.com|*.timestamp.apple.com"/>
    <property name="library.jansi.path" value="/Users/panson/Documents/software/apache-maven-3.6.3/lib/jansi-native"/>
    <property name="user.home" value="/Users/panson"/>
    <property name="user.timezone" value="Asia/Shanghai"/>
    <property name="java.awt.printerjob" value="sun.lwawt.macosx.CPrinterJob"/>
    <property name="java.specification.version" value="1.8"/>
    <property name="file.encoding" value="UTF-8"/>
    <property name="user.name" value="panson"/>
    <property name="java.class.path" value="/Users/panson/Documents/software/apache-maven-3.6.3/boot/plexus-classworlds-2.6.0.jar"/>
    <property name="socksProxyHost" value="127.0.0.1"/>
    <property name="java.vm.specification.version" value="1.8"/>
    <property name="sun.arch.data.model" value="64"/>
    <property name="java.home" value="/Library/Java/JavaVirtualMachines/jdk1.8.0_271.jdk/Contents/Home/jre"/>
    <property name="sun.java.command" value="org.codehaus.plexus.classworlds.launcher.Launcher clean install"/>
    <property name="java.specification.vendor" value="Oracle Corporation"/>
    <property name="user.language" value="en"/>
    <property name="awt.toolkit" value="sun.lwawt.macosx.LWCToolkit"/>
    <property name="java.vm.info" value="mixed mode"/>
    <property name="java.version" value="1.8.0_271"/>
    <property name="java.ext.dirs" value="/Users/panson/Library/Java/Extensions:/Library/Java/JavaVirtualMachines/jdk1.8.0_271.jdk/Contents/Home/jre/lib/ext:/Library/Java/Extensions:/Network/Library/Java/Extensions:/System/Library/Java/Extensions:/usr/lib/java"/>
    <property name="http.proxyHost" value="127.0.0.1"/>
    <property name="sun.boot.class.path" value="/Library/Java/JavaVirtualMachines/jdk1.8.0_271.jdk/Contents/Home/jre/lib/resources.jar:/Library/Java/JavaVirtualMachines/jdk1.8.0_271.jdk/Contents/Home/jre/lib/rt.jar:/Library/Java/JavaVirtualMachines/jdk1.8.0_271.jdk/Contents/Home/jre/lib/sunrsasign.jar:/Library/Java/JavaVirtualMachines/jdk1.8.0_271.jdk/Contents/Home/jre/lib/jsse.jar:/Library/Java/JavaVirtualMachines/jdk1.8.0_271.jdk/Contents/Home/jre/lib/jce.jar:/Library/Java/JavaVirtualMachines/jdk1.8.0_271.jdk/Contents/Home/jre/lib/charsets.jar:/Library/Java/JavaVirtualMachines/jdk1.8.0_271.jdk/Contents/Home/jre/lib/jfr.jar:/Library/Java/JavaVirtualMachines/jdk1.8.0_271.jdk/Contents/Home/jre/classes"/>
    <property name="java.vendor" value="Oracle Corporation"/>
    <property name="maven.home" value="/Users/panson/Documents/software/apache-maven-3.6.3"/>
    <property name="file.separator" value="/"/>
    <property name="java.vendor.url.bug" value="http://bugreport.sun.com/bugreport/"/>
    <property name="sun.cpu.endian" value="little"/>
    <property name="sun.io.unicode.encoding" value="UnicodeBig"/>
    <property name="https.proxyPort" value="7890"/>
    <property name="socksNonProxyHosts" value="192.168.0.0/16|*.192.168.0.0/16|10.0.0.0/8|*.10.0.0.0/8|172.16.0.0/12|*.172.16.0.0/12|127.0.0.1|localhost|*.localhost|local|*.local|timestamp.apple.com|*.timestamp.apple.com"/>
    <property name="ftp.nonProxyHosts" value="192.168.0.0/16|*.192.168.0.0/16|10.0.0.0/8|*.10.0.0.0/8|172.16.0.0/12|*.172.16.0.0/12|127.0.0.1|localhost|*.localhost|local|*.local|timestamp.apple.com|*.timestamp.apple.com"/>
    <property name="sun.cpu.isalist" value=""/>
  </properties>
  <testcase name="testAssign_PollMessageSuccess" classname="org.apache.rocketmq.client.consumer.DefaultLitePullConsumerTest" time="0.046"/>
  <testcase name="testSubscribe_PollMessageSuccess" classname="org.apache.rocketmq.client.consumer.DefaultLitePullConsumerTest" time="0.119"/>
  <testcase name="testComputePullFromWhereReturned" classname="org.apache.rocketmq.client.consumer.DefaultLitePullConsumerTest" time="0.013"/>
  <testcase name="testConsumerCommitWithMQ" classname="org.apache.rocketmq.client.consumer.DefaultLitePullConsumerTest" time="3.021"/>
  <testcase name="testSubscriptionType_AssignAndSubscribeExclusive" classname="org.apache.rocketmq.client.consumer.DefaultLitePullConsumerTest" time="0.013"/>
  <testcase name="testComputePullFromLast" classname="org.apache.rocketmq.client.consumer.DefaultLitePullConsumerTest" time="0.012"/>
  <testcase name="testSeek_MessageQueueNotInAssignList" classname="org.apache.rocketmq.client.consumer.DefaultLitePullConsumerTest" time="0.019"/>
  <testcase name="testSeek_SeekOffsetIllegal" classname="org.apache.rocketmq.client.consumer.DefaultLitePullConsumerTest" time="0.012"/>
  <testcase name="testSeek_SeekToEnd" classname="org.apache.rocketmq.client.consumer.DefaultLitePullConsumerTest" time="0.014"/>
  <testcase name="testSeek_SeekToBegin" classname="org.apache.rocketmq.client.consumer.DefaultLitePullConsumerTest" time="0.013"/>
  <testcase name="testFetchMessageQueues_FetchMessageQueuesBeforeStart" classname="org.apache.rocketmq.client.consumer.DefaultLitePullConsumerTest" time="0.006"/>
  <testcase name="testPauseAndResume_Success" classname="org.apache.rocketmq.client.consumer.DefaultLitePullConsumerTest" time="8.03"/>
  <testcase name="testSeek_SeekOffsetSuccess" classname="org.apache.rocketmq.client.consumer.DefaultLitePullConsumerTest" time="0.012"/>
  <testcase name="testComputePullByTimeStamp" classname="org.apache.rocketmq.client.consumer.DefaultLitePullConsumerTest" time="0.012"/>
  <testcase name="testFlowControl_Success" classname="org.apache.rocketmq.client.consumer.DefaultLitePullConsumerTest" time="2.041"/>
  <testcase name="testSubscribe_BroadcastPollMessageSuccess" classname="org.apache.rocketmq.client.consumer.DefaultLitePullConsumerTest" time="0.131"/>
  <testcase name="testComputePullFromWhereReturnedNotFound" classname="org.apache.rocketmq.client.consumer.DefaultLitePullConsumerTest" time="0.012"/>
  <testcase name="testPullTaskImpl_ProcessQueueNull" classname="org.apache.rocketmq.client.consumer.DefaultLitePullConsumerTest" time="3.12"/>
  <testcase name="testConsumerAfterShutdown" classname="org.apache.rocketmq.client.consumer.DefaultLitePullConsumerTest" time="2.013"/>
  <testcase name="testRegisterTopicMessageQueueChangeListener_Success" classname="org.apache.rocketmq.client.consumer.DefaultLitePullConsumerTest" time="11.013"/>
  <testcase name="testOffsetForTimestamp_FailedAndSuccess" classname="org.apache.rocketmq.client.consumer.DefaultLitePullConsumerTest" time="0.009"/>
  <testcase name="testPullTaskImpl_ProcessQueueDropped" classname="org.apache.rocketmq.client.consumer.DefaultLitePullConsumerTest" time="3.115"/>
  <testcase name="testCheckConfig_Exception" classname="org.apache.rocketmq.client.consumer.DefaultLitePullConsumerTest" time="0.006"/>
</testsuite>